SF:lib\main.dart
DA:17,3
DA:19,0
DA:20,0
DA:22,0
DA:23,0
DA:26,0
DA:28,0
DA:29,0
DA:30,0
DA:36,0
DA:37,0
DA:38,0
DA:39,0
LF:13
LH:1
end_of_record
SF:lib\src\cubits\edit_my_user_cubit.dart
DA:17,2
DA:19,0
DA:20,0
DA:23,1
DA:28,3
DA:30,0
DA:31,0
DA:36,0
DA:38,0
DA:39,0
DA:42,0
DA:43,0
DA:44,0
DA:45,0
DA:47,0
DA:59,3
DA:65,1
DA:66,4
DA:68,1
DA:73,1
DA:74,1
DA:75,0
DA:76,1
LF:23
LH:10
end_of_record
SF:lib\src\model\my_user.dart
DA:10,2
DA:18,0
DA:19,0
DA:21,0
DA:22,0
DA:23,0
DA:24,0
DA:25,0
DA:26,0
DA:27,0
DA:31,0
DA:32,0
DA:33,0
DA:34,0
DA:35,0
DA:36,0
DA:38,0
DA:45,0
DA:46,0
DA:47,0
DA:48,0
DA:49,0
DA:50,0
LF:23
LH:1
end_of_record
SF:lib\src\cubits\home_cubit.dart
DA:15,0
DA:17,0
DA:18,0
DA:21,0
DA:22,0
DA:28,0
DA:30,0
DA:31,0
DA:39,2
DA:44,0
DA:45,0
LF:11
LH:1
end_of_record
SF:lib\firebase_options.dart
DA:18,0
DA:22,0
DA:23,0
DA:25,0
DA:27,0
DA:29,0
DA:30,0
DA:34,0
DA:35,0
DA:40,0
LF:10
LH:0
end_of_record
SF:lib\src\app.dart
DA:7,0
DA:10,1
DA:12,0
DA:14,0
DA:15,0
DA:16,0
DA:17,0
DA:18,0
DA:19,0
DA:22,0
DA:23,0
DA:25,0
LF:12
LH:1
end_of_record
SF:lib\src\cubits\auth_cubit.dart
DA:17,0
DA:19,0
DA:20,0
DA:21,0
DA:24,0
DA:25,0
DA:29,0
DA:30,0
DA:31,0
DA:35,0
DA:36,0
DA:37,0
LF:12
LH:0
end_of_record
SF:lib\src\data_source\firebase_data_source.dart
DA:9,0
DA:10,0
DA:11,0
DA:15,0
DA:16,0
DA:18,0
DA:19,0
DA:22,0
DA:23,0
DA:24,0
DA:25,0
DA:26,0
DA:29,0
DA:30,0
DA:32,0
DA:33,0
DA:36,0
DA:37,0
DA:39,0
DA:40,0
DA:41,0
DA:42,0
DA:44,0
DA:47,0
DA:48,0
DA:49,0
DA:50,0
DA:52,0
LF:28
LH:0
end_of_record
SF:lib\src\repository\implementation\auth_repository.dart
DA:8,0
DA:10,0
DA:13,0
DA:15,0
LF:4
LH:0
end_of_record
SF:lib\src\repository\implementation\my_user_repository.dart
DA:12,0
DA:14,0
DA:18,0
DA:20,0
DA:23,0
DA:25,0
DA:28,0
DA:30,0
LF:8
LH:0
end_of_record
SF:lib\src\navegation\routes.dart
DA:12,0
DA:14,0
DA:15,0
DA:18,0
DA:19,0
DA:20,0
DA:21,0
DA:22,0
DA:23,0
DA:24,0
DA:25,0
DA:26,0
DA:28,0
LF:13
LH:0
end_of_record
SF:lib\src\ui\spash_creen.dart
DA:4,1
DA:6,0
DA:8,0
DA:9,0
DA:10,0
LF:5
LH:1
end_of_record
SF:lib\src\ui\home_creen.dart
DA:9,1
DA:11,0
DA:13,0
DA:14,0
DA:16,0
DA:17,0
DA:18,0
DA:19,0
DA:20,0
DA:26,0
DA:28,0
DA:29,0
DA:32,0
DA:33,0
DA:34,0
DA:35,0
DA:36,0
DA:37,0
DA:38,0
DA:39,0
DA:40,0
DA:41,0
DA:42,0
DA:43,0
DA:46,0
DA:49,0
DA:51,0
DA:52,0
LF:28
LH:1
end_of_record
SF:lib\src\ui\intro_creen.dart
DA:7,0
DA:12,1
DA:14,0
DA:16,0
DA:17,0
DA:20,0
DA:29,0
DA:31,0
DA:33,0
DA:39,0
DA:40,0
DA:41,0
DA:44,0
DA:47,0
DA:50,0
DA:62,0
DA:68,0
DA:70,0
DA:72,0
DA:74,0
DA:75,0
DA:79,0
DA:80,0
DA:82,0
DA:83,0
DA:96,0
DA:98,0
DA:99,0
DA:101,0
LF:29
LH:1
end_of_record
SF:lib\src\ui\widgest\custom_image.dart
DA:10,0
DA:16,0
DA:18,0
DA:19,0
DA:20,0
DA:21,0
DA:22,0
DA:23,0
DA:24,0
DA:27,0
LF:10
LH:0
end_of_record
